<?xml version="1.0" encoding="UTF-8"?>
<testng-results total="1" passed="1" failed="0" skipped="0">
  <reporter-output>
    <line>
      <![CDATA[open]]>
    </line>
    <line>
      <![CDATA[log1in]]>
    </line>
    <line>
      <![CDATA[entered]]>
    </line>
    <line>
      <![CDATA[search]]>
    </line>
    <line>
      <![CDATA[enterd details]]>
    </line>
    <line>
      <![CDATA[exit]]>
    </line>
    <line>
      <![CDATA[closed]]>
    </line>
  </reporter-output>
  <suite started-at="2023-03-16T05:12:04Z" name="Default suite" finished-at="2023-03-16T05:12:57Z" duration-ms="52200">
    <groups>
    </groups>
    <test started-at="2023-03-16T05:12:04Z" name="Default test" finished-at="2023-03-16T05:12:57Z" duration-ms="52200">
      <class name="TestScript.TC001">
        <test-method signature="tc001()[pri:0, instance:TestScript.TC001@5be46f9d]" started-at="2023-03-16T10:42:04Z" name="tc001" finished-at="2023-03-16T10:42:57Z" duration-ms="52121" status="PASS">
          <reporter-output>
            <line>
              <![CDATA[open]]>
            </line>
            <line>
              <![CDATA[log1in]]>
            </line>
            <line>
              <![CDATA[entered]]>
            </line>
            <line>
              <![CDATA[search]]>
            </line>
            <line>
              <![CDATA[enterd details]]>
            </line>
            <line>
              <![CDATA[exit]]>
            </line>
            <line>
              <![CDATA[closed]]>
            </line>
          </reporter-output>
        </test-method> <!-- tc001 -->
      </class> <!-- TestScript.TC001 -->
    </test> <!-- Default test -->
  </suite> <!-- Default suite -->
</testng-results>
